<?xml version="1.0" encoding="UTF-8"?>
<!-- Generated by org.testng.reporters.JUnitReportReporter -->
<testsuite hostname="LAPTOP-DD6J6IS4" failures="0" tests="1" name="pract.test2" time="8.847" errors="0" timestamp="2021-05-29T01:38:11 IST" skipped="0">
  <testcase classname="pract.test2" name="withpom" time="8.847"/>
  <system-out/>
</testsuite> <!-- pract.test2 -->
