<?xml version="1.0" encoding="UTF-8"?>
<!-- Generated by org.testng.reporters.JUnitReportReporter -->
<testsuite hostname="LAPTOP-DD6J6IS4" failures="0" tests="1" name="pract.extendreport" time="25.105" errors="0" timestamp="2021-05-29T10:01:55 IST" skipped="0">
  <testcase classname="pract.extendreport" name="create" time="25.105"/>
  <system-out/>
</testsuite> <!-- pract.extendreport -->
