<?xml version="1.0" encoding="UTF-8"?>
<!-- Generated by org.testng.reporters.JUnitReportReporter -->
<testsuite hostname="LAPTOP-DD6J6IS4" failures="0" tests="1" name="pract.listenerclass" time="26.542" errors="0" timestamp="2021-05-29T09:37:35 IST" skipped="0">
  <testcase classname="pract.listenerclass" name="mytest" time="26.542"/>
  <system-out/>
</testsuite> <!-- pract.listenerclass -->
