<?xml version="1.0" encoding="UTF-8"?>
<!-- Generated by org.testng.reporters.JUnitReportReporter -->
<testsuite hostname="LAPTOP-DD6J6IS4" failures="0" tests="1" name="pract.test1" time="39.880" errors="0" timestamp="2021-05-28T21:39:16 IST" skipped="0">
  <testcase classname="pract.test1" name="create" time="39.880"/>
  <system-out/>
</testsuite> <!-- pract.test1 -->
